<?xml version="1.0" encoding="UTF-8"?>
<testng-results skipped="0" failed="2" total="4" passed="2">
  <reporter-output>
  </reporter-output>
  <suite name="Default suite" duration-ms="44881" started-at="2018-05-04T08:59:26Z" finished-at="2018-05-04T09:00:11Z">
    <groups>
    </groups>
    <test name="Default test" duration-ms="44881" started-at="2018-05-04T08:59:26Z" finished-at="2018-05-04T09:00:11Z">
      <class name="com.longteng.testcase.InterfaceTest">
        <test-method status="FAIL" signature="runInterfaceTest(java.util.Map)[pri:0, instance:com.longteng.testcase.InterfaceTest@8c11eee]" name="runInterfaceTest" duration-ms="3895" started-at="2018-05-04T16:59:26Z" data-provider="data" finished-at="2018-05-04T16:59:30Z">
          <params>
            <param index="0">
              <value>
                <![CDATA[{用例名称=正常绑定常用加油卡, 协议=http, 接口地址(名称)=http://115.28.108.130:8080/gasStation/process, 方法=post, 入参={
    "dataSourceId": "bG9uZ3Rlbmd0ZXN0",
    "methodId": "01A",
    "cardUser": {
        "userName": "longteng",
        "idType": "1",
        "idNumber": "longtengtest"
    },
    "cardInfo": {
        "cardNumber": "2018"
    }
}, 预期结果={"code":200,"msg":"绑定成功","success":true}, 断言类型=包含, 是否执行=是, SQL语句=select Id,username from careInfo where cardNum="bcd" and username="bjjiaou";, SQL预期结果={"Id":2,"username":"bjjiaou"}}]]>
              </value>
            </param>
          </params>
          <exception class="java.lang.NullPointerException">
            <full-stacktrace>
              <![CDATA[java.lang.NullPointerException
	at com.longteng.framework.asserts.AssertUtil.assertContains(AssertUtil.java:77)
	at com.longteng.testcase.InterfaceTest.runInterfaceTest(InterfaceTest.java:40)
	at sun.reflect.NativeMethodAccessorImpl.invoke0(Native Method)
	at sun.reflect.NativeMethodAccessorImpl.invoke(NativeMethodAccessorImpl.java:62)
	at sun.reflect.DelegatingMethodAccessorImpl.invoke(DelegatingMethodAccessorImpl.java:43)
	at java.lang.reflect.Method.invoke(Method.java:498)
	at org.testng.internal.MethodInvocationHelper.invokeMethod(MethodInvocationHelper.java:84)
	at org.testng.internal.Invoker.invokeMethod(Invoker.java:714)
	at org.testng.internal.Invoker.invokeTestMethod(Invoker.java:901)
	at org.testng.internal.Invoker.invokeTestMethods(Invoker.java:1231)
	at org.testng.internal.TestMethodWorker.invokeTestMethods(TestMethodWorker.java:127)
	at org.testng.internal.TestMethodWorker.run(TestMethodWorker.java:111)
	at org.testng.TestRunner.privateRun(TestRunner.java:767)
	at org.testng.TestRunner.run(TestRunner.java:617)
	at org.testng.SuiteRunner.runTest(SuiteRunner.java:334)
	at org.testng.SuiteRunner.runSequentially(SuiteRunner.java:329)
	at org.testng.SuiteRunner.privateRun(SuiteRunner.java:291)
	at org.testng.SuiteRunner.run(SuiteRunner.java:240)
	at org.testng.SuiteRunnerWorker.runSuite(SuiteRunnerWorker.java:52)
	at org.testng.SuiteRunnerWorker.run(SuiteRunnerWorker.java:86)
	at org.testng.TestNG.runSuitesSequentially(TestNG.java:1224)
	at org.testng.TestNG.runSuitesLocally(TestNG.java:1149)
	at org.testng.TestNG.run(TestNG.java:1057)
	at org.testng.remote.AbstractRemoteTestNG.run(AbstractRemoteTestNG.java:114)
	at org.testng.remote.RemoteTestNG.initAndRun(RemoteTestNG.java:251)
	at org.testng.remote.RemoteTestNG.main(RemoteTestNG.java:77)
]]>
            </full-stacktrace>
          </exception> <!-- java.lang.NullPointerException -->
          <reporter-output>
          </reporter-output>
        </test-method> <!-- runInterfaceTest -->
        <test-method status="PASS" signature="runInterfaceTest(java.util.Map)[pri:0, instance:com.longteng.testcase.InterfaceTest@8c11eee]" name="runInterfaceTest" duration-ms="8163" started-at="2018-05-04T16:59:30Z" data-provider="data" finished-at="2018-05-04T16:59:38Z">
          <params>
            <param index="0">
              <value>
                <![CDATA[{用例名称=获取用户接口, 协议=http, 接口地址(名称)=http://115.28.108.130:8080/gasStation/process, 方法=post, 入参=id=1, 预期结果=s1, 断言类型=全部比对, 是否执行=否, SQL语句=, SQL预期结果=}]]>
              </value>
            </param>
          </params>
          <reporter-output>
          </reporter-output>
        </test-method> <!-- runInterfaceTest -->
        <test-method status="PASS" signature="runInterfaceTest(java.util.Map)[pri:0, instance:com.longteng.testcase.InterfaceTest@8c11eee]" name="runInterfaceTest" duration-ms="16550" started-at="2018-05-04T16:59:38Z" data-provider="data" finished-at="2018-05-04T16:59:55Z">
          <params>
            <param index="0">
              <value>
                <![CDATA[{用例名称=查询, 协议=http, 接口地址(名称)=http://115.28.108.130:8080/gasStation/process?methodId=02A&userId=120&cardNumber=33333344&dataSourceId=bG9uZ3Rlbmd0ZXN0, 方法=get, 入参=, 预期结果=已经被绑定,正常使用中, 断言类型=包含, 是否执行=是, SQL语句=, SQL预期结果=}]]>
              </value>
            </param>
          </params>
          <reporter-output>
          </reporter-output>
        </test-method> <!-- runInterfaceTest -->
        <test-method status="FAIL" signature="runInterfaceTest(java.util.Map)[pri:0, instance:com.longteng.testcase.InterfaceTest@8c11eee]" name="runInterfaceTest" duration-ms="16208" started-at="2018-05-04T16:59:55Z" data-provider="data" finished-at="2018-05-04T17:00:11Z">
          <params>
            <param index="0">
              <value>
                <![CDATA[{用例名称=查询-卡注销, 协议=http, 接口地址(名称)=http://115.28.108.130:8080/gasStation/process?methodId=02A&userId=32&cardNumber=444444&dataSourceId=bG9uZ3Rlbmd0ZXN0, 方法=get, 入参=, 预期结果={"code":200,"msg":"成功返回","result":{"cardBalance":"0","cardNumber":"444444","cardStatus":"卡已经注销","consumptionDetails":[],"rechargeDetails":[]},"success":true}, 断言类型=全部比对, 是否执行=是, SQL语句=, SQL预期结果=}]]>
              </value>
            </param>
          </params>
          <exception class="java.lang.NullPointerException">
            <full-stacktrace>
              <![CDATA[java.lang.NullPointerException
	at com.longteng.framework.asserts.AssertUtil.assertEquals(AssertUtil.java:44)
	at com.longteng.testcase.InterfaceTest.runInterfaceTest(InterfaceTest.java:38)
	at sun.reflect.NativeMethodAccessorImpl.invoke0(Native Method)
	at sun.reflect.NativeMethodAccessorImpl.invoke(NativeMethodAccessorImpl.java:62)
	at sun.reflect.DelegatingMethodAccessorImpl.invoke(DelegatingMethodAccessorImpl.java:43)
	at java.lang.reflect.Method.invoke(Method.java:498)
	at org.testng.internal.MethodInvocationHelper.invokeMethod(MethodInvocationHelper.java:84)
	at org.testng.internal.Invoker.invokeMethod(Invoker.java:714)
	at org.testng.internal.Invoker.invokeTestMethod(Invoker.java:901)
	at org.testng.internal.Invoker.invokeTestMethods(Invoker.java:1231)
	at org.testng.internal.TestMethodWorker.invokeTestMethods(TestMethodWorker.java:127)
	at org.testng.internal.TestMethodWorker.run(TestMethodWorker.java:111)
	at org.testng.TestRunner.privateRun(TestRunner.java:767)
	at org.testng.TestRunner.run(TestRunner.java:617)
	at org.testng.SuiteRunner.runTest(SuiteRunner.java:334)
	at org.testng.SuiteRunner.runSequentially(SuiteRunner.java:329)
	at org.testng.SuiteRunner.privateRun(SuiteRunner.java:291)
	at org.testng.SuiteRunner.run(SuiteRunner.java:240)
	at org.testng.SuiteRunnerWorker.runSuite(SuiteRunnerWorker.java:52)
	at org.testng.SuiteRunnerWorker.run(SuiteRunnerWorker.java:86)
	at org.testng.TestNG.runSuitesSequentially(TestNG.java:1224)
	at org.testng.TestNG.runSuitesLocally(TestNG.java:1149)
	at org.testng.TestNG.run(TestNG.java:1057)
	at org.testng.remote.AbstractRemoteTestNG.run(AbstractRemoteTestNG.java:114)
	at org.testng.remote.RemoteTestNG.initAndRun(RemoteTestNG.java:251)
	at org.testng.remote.RemoteTestNG.main(RemoteTestNG.java:77)
]]>
            </full-stacktrace>
          </exception> <!-- java.lang.NullPointerException -->
          <reporter-output>
          </reporter-output>
        </test-method> <!-- runInterfaceTest -->
      </class> <!-- com.longteng.testcase.InterfaceTest -->
    </test> <!-- Default test -->
  </suite> <!-- Default suite -->
</testng-results>
